<?xml version="1.0" encoding="utf-8"?><testsuite errors="0" failures="0" name="pytest" skips="0" tests="6" time="0.052"><testcase classname="test.index_test.TestQueryPersonClassMethods" file="test/index_test.py" line="39" name="test_car_property_methods" time="0.0012407302856445312"></testcase><testcase classname="test.index_test.TestQueryPersonClassMethods" file="test/index_test.py" line="51" name="test_cars_driven_by_class_method" time="0.0008950233459472656"></testcase><testcase classname="test.index_test.TestQueryPersonClassMethods" file="test/index_test.py" line="54" name="test_drives_a_class_method" time="0.00079345703125"></testcase><testcase classname="test.index_test.TestQueryPersonClassMethods" file="test/index_test.py" line="60" name="test_drives_same_make_as_me_instance_method" time="0.0008246898651123047"></testcase><testcase classname="test.index_test.TestQueryPersonClassMethods" file="test/index_test.py" line="57" name="test_has_oldest_car_class_method" time="0.0006959438323974609"></testcase><testcase classname="test.index_test.TestQueryPersonClassMethods" file="test/index_test.py" line="33" name="test_person_property_methods" time="0.0008597373962402344"></testcase></testsuite>